2023-06-09 16:40:45.726 [info] Nivel de registro: Info
2023-06-09 16:40:45.726 [info] La validación encontró GIT en: “git“
2023-06-09 16:40:45.726 [info] Usando GIT “2.34.1” desde “git”
2023-06-09 16:40:45.726 [info] > git rev-parse --show-toplevel [12ms]
2023-06-09 16:40:45.726 [info] > git rev-parse --git-dir --git-common-dir [16ms]
2023-06-09 16:40:45.726 [info] Open repository: /home/mamorenoc2
2023-06-09 16:40:45.726 [info] > git rev-parse --show-toplevel [31ms]
2023-06-09 16:40:45.729 [info] > git config --get commit.template [17ms]
2023-06-09 16:40:45.733 [info] > git rev-parse --show-toplevel [12ms]
2023-06-09 16:40:45.762 [info] > git rev-parse --show-toplevel [18ms]
2023-06-09 16:40:45.842 [info] > git rev-parse --show-toplevel [73ms]
2023-06-09 16:40:45.848 [info] > git for-each-ref --format=%(refname)%00%(upstream:short)%00%(objectname)%00%(upstream:track)%00%(upstream:remotename)%00%(upstream:remoteref) refs/heads/master refs/remotes/master [89ms]
2023-06-09 16:40:45.861 [info] > git rev-parse --show-toplevel [12ms]
2023-06-09 16:40:45.872 [info] > git status -z -uall --find-renames=50% [16ms]
2023-06-09 16:40:46.223 [info] > git config --get commit.template [57ms]
2023-06-09 16:40:46.288 [info] > git check-ignore -v -z --stdin [55ms]
2023-06-09 16:40:46.312 [info] > git for-each-ref --format=%(refname)%00%(upstream:short)%00%(objectname)%00%(upstream:track)%00%(upstream:remotename)%00%(upstream:remoteref) refs/heads/master refs/remotes/master [66ms]
2023-06-09 16:40:46.379 [info] > git show --textconv :ejemplo.html [79ms]
2023-06-09 16:40:46.380 [info] > git status -z -uall --find-renames=50% [59ms]
2023-06-09 16:40:46.381 [info] > git ls-files --stage -- /home/mamorenoc2/ejemplo.html [73ms]
2023-06-09 16:40:46.420 [info] > git cat-file -s 1c781417baa4d2561aecc27572023066f35cea79 [31ms]
2023-06-09 16:40:46.875 [info] > git fetch [1209ms]
2023-06-09 16:40:46.876 [info] Missing or invalid credentials.
Skip silent fetch commands
git@github.com: Permission denied (publickey).
fatal: Could not read from remote repository.

Please make sure you have the correct access rights
and the repository exists.
2023-06-09 16:40:46.894 [info] > git config --get commit.template [8ms]
2023-06-09 16:40:46.896 [info] > git for-each-ref --format=%(refname)%00%(upstream:short)%00%(objectname)%00%(upstream:track)%00%(upstream:remotename)%00%(upstream:remoteref) refs/heads/master refs/remotes/master [3ms]
2023-06-09 16:40:46.919 [info] > git status -z -uall --find-renames=50% [17ms]
2023-06-09 16:40:47.116 [info] > git ls-files --stage -- /home/mamorenoc2/ejemplo.html [3ms]
2023-06-09 16:40:47.124 [info] > git cat-file -s 1c781417baa4d2561aecc27572023066f35cea79 [1ms]
2023-06-09 16:40:47.140 [info] > git show --textconv :ejemplo.html [2ms]
2023-06-09 16:40:49.281 [info] > git config --get commit.template [5ms]
2023-06-09 16:40:49.293 [info] > git for-each-ref --format=%(refname)%00%(upstream:short)%00%(objectname)%00%(upstream:track)%00%(upstream:remotename)%00%(upstream:remoteref) refs/heads/master refs/remotes/master [2ms]
2023-06-09 16:40:49.317 [info] > git status -z -uall --find-renames=50% [16ms]
2023-06-09 16:40:54.335 [info] > git config --get commit.template [3ms]
2023-06-09 16:40:54.348 [info] > git for-each-ref --format=%(refname)%00%(upstream:short)%00%(objectname)%00%(upstream:track)%00%(upstream:remotename)%00%(upstream:remoteref) refs/heads/master refs/remotes/master [2ms]
2023-06-09 16:40:54.371 [info] > git status -z -uall --find-renames=50% [15ms]
2023-06-09 16:40:59.392 [info] > git config --get commit.template [2ms]
2023-06-09 16:40:59.405 [info] > git for-each-ref --format=%(refname)%00%(upstream:short)%00%(objectname)%00%(upstream:track)%00%(upstream:remotename)%00%(upstream:remoteref) refs/heads/master refs/remotes/master [2ms]
2023-06-09 16:40:59.435 [info] > git status -z -uall --find-renames=50% [19ms]
2023-06-09 16:41:04.457 [info] > git config --get commit.template [3ms]
2023-06-09 16:41:04.468 [info] > git for-each-ref --format=%(refname)%00%(upstream:short)%00%(objectname)%00%(upstream:track)%00%(upstream:remotename)%00%(upstream:remoteref) refs/heads/master refs/remotes/master [1ms]
2023-06-09 16:41:04.494 [info] > git status -z -uall --find-renames=50% [16ms]
2023-06-09 16:41:55.660 [info] > git config --get commit.template [12ms]
2023-06-09 16:41:55.662 [info] > git for-each-ref --format=%(refname)%00%(upstream:short)%00%(objectname)%00%(upstream:track)%00%(upstream:remotename)%00%(upstream:remoteref) refs/heads/master refs/remotes/master [3ms]
2023-06-09 16:41:55.687 [info] > git status -z -uall --find-renames=50% [17ms]
2023-06-09 16:42:00.708 [info] > git config --get commit.template [2ms]
2023-06-09 16:42:00.720 [info] > git for-each-ref --format=%(refname)%00%(upstream:short)%00%(objectname)%00%(upstream:track)%00%(upstream:remotename)%00%(upstream:remoteref) refs/heads/master refs/remotes/master [3ms]
2023-06-09 16:42:00.752 [info] > git status -z -uall --find-renames=50% [19ms]
2023-06-09 16:42:24.971 [info] > git config --get commit.template [3ms]
2023-06-09 16:42:24.987 [info] > git for-each-ref --format=%(refname)%00%(upstream:short)%00%(objectname)%00%(upstream:track)%00%(upstream:remotename)%00%(upstream:remoteref) refs/heads/master refs/remotes/master [3ms]
2023-06-09 16:42:25.013 [info] > git status -z -uall --find-renames=50% [16ms]
2023-06-09 16:42:31.596 [info] > git config --get commit.template [4ms]
2023-06-09 16:42:31.616 [info] > git for-each-ref --format=%(refname)%00%(upstream:short)%00%(objectname)%00%(upstream:track)%00%(upstream:remotename)%00%(upstream:remoteref) refs/heads/master refs/remotes/master [2ms]
2023-06-09 16:42:31.645 [info] > git status -z -uall --find-renames=50% [16ms]
2023-06-09 16:42:36.665 [info] > git config --get commit.template [2ms]
2023-06-09 16:42:36.677 [info] > git for-each-ref --format=%(refname)%00%(upstream:short)%00%(objectname)%00%(upstream:track)%00%(upstream:remotename)%00%(upstream:remoteref) refs/heads/master refs/remotes/master [3ms]
2023-06-09 16:42:36.732 [info] > git status -z -uall --find-renames=50% [37ms]
2023-06-09 16:42:41.748 [info] > git config --get commit.template [2ms]
2023-06-09 16:42:41.758 [info] > git for-each-ref --format=%(refname)%00%(upstream:short)%00%(objectname)%00%(upstream:track)%00%(upstream:remotename)%00%(upstream:remoteref) refs/heads/master refs/remotes/master [2ms]
2023-06-09 16:42:41.780 [info] > git status -z -uall --find-renames=50% [13ms]
2023-06-09 16:42:46.800 [info] > git config --get commit.template [4ms]
2023-06-09 16:42:46.815 [info] > git for-each-ref --format=%(refname)%00%(upstream:short)%00%(objectname)%00%(upstream:track)%00%(upstream:remotename)%00%(upstream:remoteref) refs/heads/master refs/remotes/master [3ms]
2023-06-09 16:42:46.849 [info] > git status -z -uall --find-renames=50% [25ms]
2023-06-09 16:42:51.872 [info] > git config --get commit.template [2ms]
2023-06-09 16:42:51.883 [info] > git for-each-ref --format=%(refname)%00%(upstream:short)%00%(objectname)%00%(upstream:track)%00%(upstream:remotename)%00%(upstream:remoteref) refs/heads/master refs/remotes/master [1ms]
2023-06-09 16:42:51.909 [info] > git status -z -uall --find-renames=50% [17ms]
2023-06-09 16:42:57.054 [info] > git config --get commit.template [2ms]
2023-06-09 16:42:57.075 [info] > git for-each-ref --format=%(refname)%00%(upstream:short)%00%(objectname)%00%(upstream:track)%00%(upstream:remotename)%00%(upstream:remoteref) refs/heads/master refs/remotes/master [4ms]
2023-06-09 16:42:57.109 [info] > git status -z -uall --find-renames=50% [17ms]
2023-06-09 16:43:02.154 [info] > git config --get commit.template [4ms]
2023-06-09 16:43:02.173 [info] > git for-each-ref --format=%(refname)%00%(upstream:short)%00%(objectname)%00%(upstream:track)%00%(upstream:remotename)%00%(upstream:remoteref) refs/heads/master refs/remotes/master [2ms]
2023-06-09 16:43:02.209 [info] > git status -z -uall --find-renames=50% [21ms]
2023-06-09 16:43:07.236 [info] > git config --get commit.template [4ms]
2023-06-09 16:43:07.253 [info] > git for-each-ref --format=%(refname)%00%(upstream:short)%00%(objectname)%00%(upstream:track)%00%(upstream:remotename)%00%(upstream:remoteref) refs/heads/master refs/remotes/master [2ms]
2023-06-09 16:43:07.281 [info] > git status -z -uall --find-renames=50% [16ms]
2023-06-09 16:43:12.310 [info] > git config --get commit.template [11ms]
2023-06-09 16:43:12.311 [info] > git for-each-ref --format=%(refname)%00%(upstream:short)%00%(objectname)%00%(upstream:track)%00%(upstream:remotename)%00%(upstream:remoteref) refs/heads/master refs/remotes/master [2ms]
2023-06-09 16:43:12.340 [info] > git status -z -uall --find-renames=50% [18ms]
2023-06-09 16:43:17.361 [info] > git config --get commit.template [2ms]
2023-06-09 16:43:17.374 [info] > git for-each-ref --format=%(refname)%00%(upstream:short)%00%(objectname)%00%(upstream:track)%00%(upstream:remotename)%00%(upstream:remoteref) refs/heads/master refs/remotes/master [2ms]
2023-06-09 16:43:17.397 [info] > git status -z -uall --find-renames=50% [14ms]
2023-06-09 16:43:22.417 [info] > git config --get commit.template [4ms]
2023-06-09 16:43:22.428 [info] > git for-each-ref --format=%(refname)%00%(upstream:short)%00%(objectname)%00%(upstream:track)%00%(upstream:remotename)%00%(upstream:remoteref) refs/heads/master refs/remotes/master [3ms]
2023-06-09 16:43:22.451 [info] > git status -z -uall --find-renames=50% [15ms]
2023-06-09 16:43:27.481 [info] > git config --get commit.template [12ms]
2023-06-09 16:43:27.482 [info] > git for-each-ref --format=%(refname)%00%(upstream:short)%00%(objectname)%00%(upstream:track)%00%(upstream:remotename)%00%(upstream:remoteref) refs/heads/master refs/remotes/master [2ms]
2023-06-09 16:43:27.510 [info] > git status -z -uall --find-renames=50% [20ms]
2023-06-09 16:43:32.532 [info] > git config --get commit.template [2ms]
2023-06-09 16:43:32.543 [info] > git for-each-ref --format=%(refname)%00%(upstream:short)%00%(objectname)%00%(upstream:track)%00%(upstream:remotename)%00%(upstream:remoteref) refs/heads/master refs/remotes/master [2ms]
2023-06-09 16:43:32.565 [info] > git status -z -uall --find-renames=50% [15ms]
2023-06-09 16:43:37.585 [info] > git config --get commit.template [3ms]
2023-06-09 16:43:37.597 [info] > git for-each-ref --format=%(refname)%00%(upstream:short)%00%(objectname)%00%(upstream:track)%00%(upstream:remotename)%00%(upstream:remoteref) refs/heads/master refs/remotes/master [2ms]
2023-06-09 16:43:37.623 [info] > git status -z -uall --find-renames=50% [17ms]
2023-06-09 16:43:42.643 [info] > git config --get commit.template [2ms]
2023-06-09 16:43:42.655 [info] > git for-each-ref --format=%(refname)%00%(upstream:short)%00%(objectname)%00%(upstream:track)%00%(upstream:remotename)%00%(upstream:remoteref) refs/heads/master refs/remotes/master [2ms]
2023-06-09 16:43:42.678 [info] > git status -z -uall --find-renames=50% [15ms]
2023-06-09 16:43:47.968 [info] > git fetch [1032ms]
2023-06-09 16:43:47.969 [info] Missing or invalid credentials.
Skip silent fetch commands
git@github.com: Permission denied (publickey).
fatal: Could not read from remote repository.

Please make sure you have the correct access rights
and the repository exists.
2023-06-09 16:43:47.990 [info] > git config --get commit.template [9ms]
2023-06-09 16:43:47.992 [info] > git for-each-ref --format=%(refname)%00%(upstream:short)%00%(objectname)%00%(upstream:track)%00%(upstream:remotename)%00%(upstream:remoteref) refs/heads/master refs/remotes/master [3ms]
2023-06-09 16:43:48.016 [info] > git status -z -uall --find-renames=50% [15ms]
2023-06-09 16:43:48.037 [info] > git config --get commit.template [7ms]
2023-06-09 16:43:48.047 [info] > git for-each-ref --format=%(refname)%00%(upstream:short)%00%(objectname)%00%(upstream:track)%00%(upstream:remotename)%00%(upstream:remoteref) refs/heads/master refs/remotes/master [2ms]
2023-06-09 16:43:48.073 [info] > git status -z -uall --find-renames=50% [16ms]
2023-06-09 16:43:48.151 [info] > git ls-files --stage -- /home/mamorenoc2/ejemplo.html [3ms]
2023-06-09 16:43:48.162 [info] > git cat-file -s 1c781417baa4d2561aecc27572023066f35cea79 [1ms]
2023-06-09 16:43:48.194 [info] > git show --textconv :ejemplo.html [15ms]
2023-06-09 16:43:53.099 [info] > git config --get commit.template [7ms]
2023-06-09 16:43:53.111 [info] > git for-each-ref --format=%(refname)%00%(upstream:short)%00%(objectname)%00%(upstream:track)%00%(upstream:remotename)%00%(upstream:remoteref) refs/heads/master refs/remotes/master [1ms]
2023-06-09 16:43:53.134 [info] > git status -z -uall --find-renames=50% [16ms]
2023-06-09 16:44:05.803 [info] > git config --get commit.template [2ms]
2023-06-09 16:44:05.814 [info] > git for-each-ref --format=%(refname)%00%(upstream:short)%00%(objectname)%00%(upstream:track)%00%(upstream:remotename)%00%(upstream:remoteref) refs/heads/master refs/remotes/master [2ms]
2023-06-09 16:44:05.838 [info] > git status -z -uall --find-renames=50% [15ms]
2023-06-09 16:44:10.869 [info] > git config --get commit.template [3ms]
2023-06-09 16:44:10.888 [info] > git for-each-ref --format=%(refname)%00%(upstream:short)%00%(objectname)%00%(upstream:track)%00%(upstream:remotename)%00%(upstream:remoteref) refs/heads/master refs/remotes/master [4ms]
2023-06-09 16:44:10.930 [info] > git status -z -uall --find-renames=50% [26ms]
2023-06-09 16:44:45.688 [info] > git config --get commit.template [3ms]
2023-06-09 16:44:45.703 [info] > git for-each-ref --format=%(refname)%00%(upstream:short)%00%(objectname)%00%(upstream:track)%00%(upstream:remotename)%00%(upstream:remoteref) refs/heads/master refs/remotes/master [2ms]
2023-06-09 16:44:45.727 [info] > git status -z -uall --find-renames=50% [15ms]
2023-06-09 16:44:53.637 [info] > git config --get commit.template [25ms]
2023-06-09 16:44:53.638 [info] > git for-each-ref --format=%(refname)%00%(upstream:short)%00%(objectname)%00%(upstream:track)%00%(upstream:remotename)%00%(upstream:remoteref) refs/heads/master refs/remotes/master [3ms]
2023-06-09 16:44:53.667 [info] > git status -z -uall --find-renames=50% [16ms]
2023-06-09 16:45:16.966 [info] > git config --get commit.template [34ms]
2023-06-09 16:45:16.968 [info] > git for-each-ref --format=%(refname)%00%(upstream:short)%00%(objectname)%00%(upstream:track)%00%(upstream:remotename)%00%(upstream:remoteref) refs/heads/master refs/remotes/master [4ms]
2023-06-09 16:45:16.995 [info] > git status -z -uall --find-renames=50% [17ms]
