2023-06-09 16:31:04.590 [info] Nivel de registro: Info
2023-06-09 16:31:04.590 [info] La validación encontró GIT en: “git“
2023-06-09 16:31:04.590 [info] Usando GIT “2.34.1” desde “git”
2023-06-09 16:31:04.590 [info] > git rev-parse --show-toplevel [15ms]
2023-06-09 16:31:04.590 [info] fatal: not a git repository (or any of the parent directories): .git
2023-06-09 16:31:04.592 [info] > git rev-parse --show-toplevel [12ms]
2023-06-09 16:31:04.603 [info] > git rev-parse --git-dir --git-common-dir [1ms]
2023-06-09 16:31:04.635 [info] Open repository: /home/mamorenoc2
2023-06-09 16:31:04.661 [info] > git config --get commit.template [9ms]
2023-06-09 16:31:04.663 [info] No remotes found in the git config file.
2023-06-09 16:31:04.674 [info] > git for-each-ref --format=%(refname)%00%(upstream:short)%00%(objectname)%00%(upstream:track)%00%(upstream:remotename)%00%(upstream:remoteref) refs/heads/master refs/remotes/master [4ms]
2023-06-09 16:31:04.696 [info] > git fetch [62ms]
2023-06-09 16:31:04.717 [info] > git status -z -uall --find-renames=50% [31ms] (cancelled)
2023-06-09 16:31:04.720 [info] > git config --get commit.template [4ms]
2023-06-09 16:31:04.721 [info] > git config --get commit.template [11ms]
2023-06-09 16:31:04.731 [info] No remotes found in the git config file.
2023-06-09 16:31:04.737 [info] No remotes found in the git config file.
2023-06-09 16:31:04.738 [info] > git for-each-ref --format=%(refname)%00%(upstream:short)%00%(objectname)%00%(upstream:track)%00%(upstream:remotename)%00%(upstream:remoteref) refs/heads/master refs/remotes/master [1ms]
2023-06-09 16:31:04.745 [info] > git for-each-ref --format=%(refname)%00%(upstream:short)%00%(objectname)%00%(upstream:track)%00%(upstream:remotename)%00%(upstream:remoteref) refs/heads/master refs/remotes/master [14ms]
2023-06-09 16:31:04.763 [info] > git status -z -uall --find-renames=50% [18ms]
2023-06-09 16:31:05.363 [info] > git check-ignore -v -z --stdin [7ms]
2023-06-09 16:31:06.029 [info] > git check-ignore -v -z --stdin [11ms]
2023-06-09 16:31:08.457 [info] > git config --get commit.template [3ms]
2023-06-09 16:31:08.470 [info] No remotes found in the git config file.
2023-06-09 16:31:08.474 [info] > git for-each-ref --format=%(refname)%00%(upstream:short)%00%(objectname)%00%(upstream:track)%00%(upstream:remotename)%00%(upstream:remoteref) refs/heads/master refs/remotes/master [6ms]
2023-06-09 16:31:08.504 [info] > git status -z -uall --find-renames=50% [19ms]
